[2023-02-09T07:55:12.725+0000] {taskinstance.py:1087} INFO - Dependencies all met for <TaskInstance: crawler-dag.bash_command manual__2023-02-09T07:55:12.198084+00:00 [queued]>
[2023-02-09T07:55:12.736+0000] {taskinstance.py:1087} INFO - Dependencies all met for <TaskInstance: crawler-dag.bash_command manual__2023-02-09T07:55:12.198084+00:00 [queued]>
[2023-02-09T07:55:12.737+0000] {taskinstance.py:1283} INFO - 
--------------------------------------------------------------------------------
[2023-02-09T07:55:12.737+0000] {taskinstance.py:1284} INFO - Starting attempt 1 of 1
[2023-02-09T07:55:12.737+0000] {taskinstance.py:1285} INFO - 
--------------------------------------------------------------------------------
[2023-02-09T07:55:12.754+0000] {taskinstance.py:1304} INFO - Executing <Task(BashOperator): bash_command> on 2023-02-09 07:55:12.198084+00:00
[2023-02-09T07:55:12.759+0000] {standard_task_runner.py:55} INFO - Started process 1440 to run task
[2023-02-09T07:55:12.761+0000] {standard_task_runner.py:82} INFO - Running: ['***', 'tasks', 'run', 'crawler-dag', 'bash_command', 'manual__2023-02-09T07:55:12.198084+00:00', '--job-id', '3', '--raw', '--subdir', 'DAGS_FOLDER/crawler-dag.py', '--cfg-path', '/tmp/tmp450i_xqo']
[2023-02-09T07:55:12.762+0000] {standard_task_runner.py:83} INFO - Job 3: Subtask bash_command
[2023-02-09T07:55:12.860+0000] {task_command.py:389} INFO - Running <TaskInstance: crawler-dag.bash_command manual__2023-02-09T07:55:12.198084+00:00 [running]> on host 9fd6eb33fd9d
[2023-02-09T07:55:12.920+0000] {taskinstance.py:1513} INFO - Exporting the following env vars:
AIRFLOW_CTX_DAG_OWNER=***
AIRFLOW_CTX_DAG_ID=crawler-dag
AIRFLOW_CTX_TASK_ID=bash_command
AIRFLOW_CTX_EXECUTION_DATE=2023-02-09T07:55:12.198084+00:00
AIRFLOW_CTX_TRY_NUMBER=1
AIRFLOW_CTX_DAG_RUN_ID=manual__2023-02-09T07:55:12.198084+00:00
[2023-02-09T07:55:12.921+0000] {subprocess.py:63} INFO - Tmp dir root location: 
 /tmp
[2023-02-09T07:55:12.921+0000] {subprocess.py:75} INFO - Running command: ['/bin/bash', '-c', 'pwd']
[2023-02-09T07:55:12.932+0000] {subprocess.py:86} INFO - Output:
[2023-02-09T07:55:12.933+0000] {subprocess.py:93} INFO - /tmp/***tmpxop60hmq
[2023-02-09T07:55:12.934+0000] {subprocess.py:97} INFO - Command exited with return code 0
[2023-02-09T07:55:12.956+0000] {taskinstance.py:1327} INFO - Marking task as SUCCESS. dag_id=crawler-dag, task_id=bash_command, execution_date=20230209T075512, start_date=20230209T075512, end_date=20230209T075512
[2023-02-09T07:55:12.973+0000] {local_task_job.py:159} INFO - Task exited with return code 0
[2023-02-09T07:55:13.021+0000] {taskinstance.py:2582} INFO - 0 downstream tasks scheduled from follow-on schedule check
