[2023-02-09T08:00:17.011+0000] {taskinstance.py:1087} INFO - Dependencies all met for <TaskInstance: crawler-dag2.bash_command manual__2023-02-09T08:00:15.604807+00:00 [queued]>
[2023-02-09T08:00:17.022+0000] {taskinstance.py:1087} INFO - Dependencies all met for <TaskInstance: crawler-dag2.bash_command manual__2023-02-09T08:00:15.604807+00:00 [queued]>
[2023-02-09T08:00:17.022+0000] {taskinstance.py:1283} INFO - 
--------------------------------------------------------------------------------
[2023-02-09T08:00:17.022+0000] {taskinstance.py:1284} INFO - Starting attempt 1 of 1
[2023-02-09T08:00:17.023+0000] {taskinstance.py:1285} INFO - 
--------------------------------------------------------------------------------
[2023-02-09T08:00:17.038+0000] {taskinstance.py:1304} INFO - Executing <Task(BashOperator): bash_command> on 2023-02-09 08:00:15.604807+00:00
[2023-02-09T08:00:17.043+0000] {standard_task_runner.py:55} INFO - Started process 1968 to run task
[2023-02-09T08:00:17.046+0000] {standard_task_runner.py:82} INFO - Running: ['***', 'tasks', 'run', 'crawler-dag2', 'bash_command', 'manual__2023-02-09T08:00:15.604807+00:00', '--job-id', '6', '--raw', '--subdir', 'DAGS_FOLDER/crawler-dag.py', '--cfg-path', '/tmp/tmptkqrf_49']
[2023-02-09T08:00:17.046+0000] {standard_task_runner.py:83} INFO - Job 6: Subtask bash_command
[2023-02-09T08:00:17.102+0000] {task_command.py:389} INFO - Running <TaskInstance: crawler-dag2.bash_command manual__2023-02-09T08:00:15.604807+00:00 [running]> on host 9fd6eb33fd9d
[2023-02-09T08:00:17.167+0000] {taskinstance.py:1513} INFO - Exporting the following env vars:
AIRFLOW_CTX_DAG_OWNER=***
AIRFLOW_CTX_DAG_ID=crawler-dag2
AIRFLOW_CTX_TASK_ID=bash_command
AIRFLOW_CTX_EXECUTION_DATE=2023-02-09T08:00:15.604807+00:00
AIRFLOW_CTX_TRY_NUMBER=1
AIRFLOW_CTX_DAG_RUN_ID=manual__2023-02-09T08:00:15.604807+00:00
[2023-02-09T08:00:17.168+0000] {subprocess.py:63} INFO - Tmp dir root location: 
 /tmp
[2023-02-09T08:00:17.168+0000] {subprocess.py:75} INFO - Running command: ['/bin/bash', '-c', 'ls /opt/***/crawler']
[2023-02-09T08:00:17.179+0000] {subprocess.py:86} INFO - Output:
[2023-02-09T08:00:17.181+0000] {subprocess.py:93} INFO - dmx.py
[2023-02-09T08:00:17.181+0000] {subprocess.py:93} INFO - fpt.py
[2023-02-09T08:00:17.181+0000] {subprocess.py:93} INFO - phongvu.py
[2023-02-09T08:00:17.182+0000] {subprocess.py:93} INFO - test.py
[2023-02-09T08:00:17.182+0000] {subprocess.py:97} INFO - Command exited with return code 0
[2023-02-09T08:00:17.202+0000] {taskinstance.py:1327} INFO - Marking task as SUCCESS. dag_id=crawler-dag2, task_id=bash_command, execution_date=20230209T080015, start_date=20230209T080017, end_date=20230209T080017
[2023-02-09T08:00:17.217+0000] {local_task_job.py:159} INFO - Task exited with return code 0
[2023-02-09T08:00:17.236+0000] {taskinstance.py:2582} INFO - 0 downstream tasks scheduled from follow-on schedule check
