[2023-02-09T07:56:45.161+0000] {taskinstance.py:1087} INFO - Dependencies all met for <TaskInstance: crawler-dag.bash_command manual__2023-02-09T07:56:44.316588+00:00 [queued]>
[2023-02-09T07:56:45.169+0000] {taskinstance.py:1087} INFO - Dependencies all met for <TaskInstance: crawler-dag.bash_command manual__2023-02-09T07:56:44.316588+00:00 [queued]>
[2023-02-09T07:56:45.169+0000] {taskinstance.py:1283} INFO - 
--------------------------------------------------------------------------------
[2023-02-09T07:56:45.170+0000] {taskinstance.py:1284} INFO - Starting attempt 1 of 1
[2023-02-09T07:56:45.170+0000] {taskinstance.py:1285} INFO - 
--------------------------------------------------------------------------------
[2023-02-09T07:56:45.181+0000] {taskinstance.py:1304} INFO - Executing <Task(BashOperator): bash_command> on 2023-02-09 07:56:44.316588+00:00
[2023-02-09T07:56:45.186+0000] {standard_task_runner.py:55} INFO - Started process 1602 to run task
[2023-02-09T07:56:45.188+0000] {standard_task_runner.py:82} INFO - Running: ['***', 'tasks', 'run', 'crawler-dag', 'bash_command', 'manual__2023-02-09T07:56:44.316588+00:00', '--job-id', '4', '--raw', '--subdir', 'DAGS_FOLDER/crawler-dag.py', '--cfg-path', '/tmp/tmptsott5oq']
[2023-02-09T07:56:45.188+0000] {standard_task_runner.py:83} INFO - Job 4: Subtask bash_command
[2023-02-09T07:56:45.234+0000] {task_command.py:389} INFO - Running <TaskInstance: crawler-dag.bash_command manual__2023-02-09T07:56:44.316588+00:00 [running]> on host 9fd6eb33fd9d
[2023-02-09T07:56:45.296+0000] {taskinstance.py:1513} INFO - Exporting the following env vars:
AIRFLOW_CTX_DAG_OWNER=***
AIRFLOW_CTX_DAG_ID=crawler-dag
AIRFLOW_CTX_TASK_ID=bash_command
AIRFLOW_CTX_EXECUTION_DATE=2023-02-09T07:56:44.316588+00:00
AIRFLOW_CTX_TRY_NUMBER=1
AIRFLOW_CTX_DAG_RUN_ID=manual__2023-02-09T07:56:44.316588+00:00
[2023-02-09T07:56:45.296+0000] {subprocess.py:63} INFO - Tmp dir root location: 
 /tmp
[2023-02-09T07:56:45.297+0000] {subprocess.py:75} INFO - Running command: ['/bin/bash', '-c', 'ls']
[2023-02-09T07:56:45.307+0000] {subprocess.py:86} INFO - Output:
[2023-02-09T07:56:45.311+0000] {subprocess.py:97} INFO - Command exited with return code 0
[2023-02-09T07:56:45.333+0000] {taskinstance.py:1327} INFO - Marking task as SUCCESS. dag_id=crawler-dag, task_id=bash_command, execution_date=20230209T075644, start_date=20230209T075645, end_date=20230209T075645
[2023-02-09T07:56:45.359+0000] {local_task_job.py:159} INFO - Task exited with return code 0
[2023-02-09T07:56:45.374+0000] {taskinstance.py:2582} INFO - 0 downstream tasks scheduled from follow-on schedule check
