[2023-02-09T08:16:48.286+0000] {taskinstance.py:1087} INFO - Dependencies all met for <TaskInstance: crawler-dag3.bash_command manual__2023-02-09T08:16:47.333358+00:00 [queued]>
[2023-02-09T08:16:48.295+0000] {taskinstance.py:1087} INFO - Dependencies all met for <TaskInstance: crawler-dag3.bash_command manual__2023-02-09T08:16:47.333358+00:00 [queued]>
[2023-02-09T08:16:48.296+0000] {taskinstance.py:1283} INFO - 
--------------------------------------------------------------------------------
[2023-02-09T08:16:48.296+0000] {taskinstance.py:1284} INFO - Starting attempt 1 of 1
[2023-02-09T08:16:48.296+0000] {taskinstance.py:1285} INFO - 
--------------------------------------------------------------------------------
[2023-02-09T08:16:48.309+0000] {taskinstance.py:1304} INFO - Executing <Task(BashOperator): bash_command> on 2023-02-09 08:16:47.333358+00:00
[2023-02-09T08:16:48.314+0000] {standard_task_runner.py:55} INFO - Started process 3661 to run task
[2023-02-09T08:16:48.316+0000] {standard_task_runner.py:82} INFO - Running: ['***', 'tasks', 'run', 'crawler-dag3', 'bash_command', 'manual__2023-02-09T08:16:47.333358+00:00', '--job-id', '7', '--raw', '--subdir', 'DAGS_FOLDER/crawler-dag.py', '--cfg-path', '/tmp/tmpnp8_zm4p']
[2023-02-09T08:16:48.317+0000] {standard_task_runner.py:83} INFO - Job 7: Subtask bash_command
[2023-02-09T08:16:48.362+0000] {task_command.py:389} INFO - Running <TaskInstance: crawler-dag3.bash_command manual__2023-02-09T08:16:47.333358+00:00 [running]> on host 9fd6eb33fd9d
[2023-02-09T08:16:48.422+0000] {taskinstance.py:1513} INFO - Exporting the following env vars:
AIRFLOW_CTX_DAG_OWNER=***
AIRFLOW_CTX_DAG_ID=crawler-dag3
AIRFLOW_CTX_TASK_ID=bash_command
AIRFLOW_CTX_EXECUTION_DATE=2023-02-09T08:16:47.333358+00:00
AIRFLOW_CTX_TRY_NUMBER=1
AIRFLOW_CTX_DAG_RUN_ID=manual__2023-02-09T08:16:47.333358+00:00
[2023-02-09T08:16:48.423+0000] {subprocess.py:63} INFO - Tmp dir root location: 
 /tmp
[2023-02-09T08:16:48.423+0000] {subprocess.py:75} INFO - Running command: ['/bin/bash', '-c', 'python3 --version']
[2023-02-09T08:16:48.434+0000] {subprocess.py:86} INFO - Output:
[2023-02-09T08:16:48.437+0000] {subprocess.py:93} INFO - Python 3.7.15
[2023-02-09T08:16:48.438+0000] {subprocess.py:97} INFO - Command exited with return code 0
[2023-02-09T08:16:48.458+0000] {taskinstance.py:1327} INFO - Marking task as SUCCESS. dag_id=crawler-dag3, task_id=bash_command, execution_date=20230209T081647, start_date=20230209T081648, end_date=20230209T081648
[2023-02-09T08:16:48.487+0000] {local_task_job.py:159} INFO - Task exited with return code 0
[2023-02-09T08:16:48.503+0000] {taskinstance.py:2582} INFO - 0 downstream tasks scheduled from follow-on schedule check
